<?xml version="1.0" encoding="UTF-8" ?>
<testsuite failures="0" time="1.839" errors="0" skipped="0" tests="13" name="TestSuite">
  <properties>
    <property name="java.runtime.name" value="Java(TM) SE Runtime Environment"/>
    <property name="sun.boot.library.path" value="/usr/lib/jvm/java-6-sun-1.6.0.22/jre/lib/amd64"/>
    <property name="java.vm.version" value="17.1-b03"/>
    <property name="java.vm.vendor" value="Sun Microsystems Inc."/>
    <property name="java.vendor.url" value="http://java.sun.com/"/>
    <property name="path.separator" value=":"/>
    <property name="java.vm.name" value="Java HotSpot(TM) 64-Bit Server VM"/>
    <property name="file.encoding.pkg" value="sun.io"/>
    <property name="user.country" value="CZ"/>
    <property name="sun.java.launcher" value="SUN_STANDARD"/>
    <property name="sun.os.patch.level" value="unknown"/>
    <property name="java.vm.specification.name" value="Java Virtual Machine Specification"/>
    <property name="user.dir" value="/home/mana/projects/git/seam-revisited/jboss-seam-parent/jboss-seam-remoting"/>
    <property name="java.runtime.version" value="1.6.0_22-b04"/>
    <property name="java.awt.graphicsenv" value="sun.awt.X11GraphicsEnvironment"/>
    <property name="basedir" value="/home/mana/projects/git/seam-revisited/jboss-seam-parent/jboss-seam-remoting"/>
    <property name="java.endorsed.dirs" value="/usr/lib/jvm/java-6-sun-1.6.0.22/jre/lib/endorsed"/>
    <property name="os.arch" value="amd64"/>
    <property name="surefire.real.class.path" value="/tmp/surefirebooter1489147213392090843.jar"/>
    <property name="java.io.tmpdir" value="/tmp"/>
    <property name="line.separator" value="
"/>
    <property name="java.vm.specification.vendor" value="Sun Microsystems Inc."/>
    <property name="os.name" value="Linux"/>
    <property name="sun.jnu.encoding" value="UTF-8"/>
    <property name="java.library.path" value="/usr/lib/jvm/java-6-sun-1.6.0.22/jre/lib/amd64/server:/usr/lib/jvm/java-6-sun-1.6.0.22/jre/lib/amd64:/usr/lib/jvm/java-6-sun-1.6.0.22/jre/../lib/amd64:/usr/java/packages/lib/amd64:/usr/lib64:/lib64:/lib:/usr/lib"/>
    <property name="surefire.test.class.path" value="/home/mana/projects/git/seam-revisited/jboss-seam-parent/jboss-seam-remoting/target/test-classes:/home/mana/projects/git/seam-revisited/jboss-seam-parent/jboss-seam-remoting/target/classes:/home/mana/projects/git/seam-revisited/jboss-seam-parent/jboss-seam/target/jboss-seam-2.3-SNAPSHOT.jar:/home/mana/.m2/repository/com/thoughtworks/xstream/xstream/1.3.1/xstream-1.3.1.jar:/home/mana/.m2/repository/xpp3/xpp3_min/1.1.3.4.O/xpp3_min-1.1.3.4.O.jar:/home/mana/.m2/repository/org/testng/testng/5.9/testng-5.9-jdk15.jar:/home/mana/.m2/repository/org/jboss/el/jboss-el/1.0_02.CR5/jboss-el-1.0_02.CR5.jar:/home/mana/.m2/repository/javax/el/el-api/1.0/el-api-1.0.jar:/home/mana/.m2/repository/com/google/gwt/gwt-servlet/1.5.2/gwt-servlet-1.5.2.jar:/home/mana/.m2/repository/dom4j/dom4j/1.6.1-brew/dom4j-1.6.1-brew.jar:/home/mana/.m2/repository/org/hibernate/hibernate-core/3.3.1.GA/hibernate-core-3.3.1.GA.jar:/home/mana/.m2/repository/antlr/antlr/2.7.6/antlr-2.7.6.jar:/home/mana/.m2/repository/javax/transaction/jta/1.1/jta-1.1.jar:/home/mana/.m2/repository/javax/servlet/servlet-api/2.5/servlet-api-2.5.jar:/home/mana/.m2/repository/javax/jms/jms/1.1/jms-1.1.jar:/home/mana/.m2/repository/javassist/javassist/3.12.0.GA/javassist-3.12.0.GA.jar:/home/mana/.m2/repository/javax/persistence/persistence-api/1.0/persistence-api-1.0.jar:"/>
    <property name="java.specification.name" value="Java Platform API Specification"/>
    <property name="java.class.version" value="50.0"/>
    <property name="sun.management.compiler" value="HotSpot 64-Bit Server Compiler"/>
    <property name="os.version" value="2.6.35-23-generic"/>
    <property name="user.home" value="/home/mana"/>
    <property name="user.timezone" value="Europe/Prague"/>
    <property name="java.awt.printerjob" value="sun.print.PSPrinterJob"/>
    <property name="file.encoding" value="UTF-8"/>
    <property name="java.specification.version" value="1.6"/>
    <property name="user.name" value="mana"/>
    <property name="java.class.path" value="/home/mana/projects/git/seam-revisited/jboss-seam-parent/jboss-seam-remoting/target/test-classes:/home/mana/projects/git/seam-revisited/jboss-seam-parent/jboss-seam-remoting/target/classes:/home/mana/projects/git/seam-revisited/jboss-seam-parent/jboss-seam/target/jboss-seam-2.3-SNAPSHOT.jar:/home/mana/.m2/repository/com/thoughtworks/xstream/xstream/1.3.1/xstream-1.3.1.jar:/home/mana/.m2/repository/xpp3/xpp3_min/1.1.3.4.O/xpp3_min-1.1.3.4.O.jar:/home/mana/.m2/repository/org/testng/testng/5.9/testng-5.9-jdk15.jar:/home/mana/.m2/repository/org/jboss/el/jboss-el/1.0_02.CR5/jboss-el-1.0_02.CR5.jar:/home/mana/.m2/repository/javax/el/el-api/1.0/el-api-1.0.jar:/home/mana/.m2/repository/com/google/gwt/gwt-servlet/1.5.2/gwt-servlet-1.5.2.jar:/home/mana/.m2/repository/dom4j/dom4j/1.6.1-brew/dom4j-1.6.1-brew.jar:/home/mana/.m2/repository/org/hibernate/hibernate-core/3.3.1.GA/hibernate-core-3.3.1.GA.jar:/home/mana/.m2/repository/antlr/antlr/2.7.6/antlr-2.7.6.jar:/home/mana/.m2/repository/javax/transaction/jta/1.1/jta-1.1.jar:/home/mana/.m2/repository/javax/servlet/servlet-api/2.5/servlet-api-2.5.jar:/home/mana/.m2/repository/javax/jms/jms/1.1/jms-1.1.jar:/home/mana/.m2/repository/javassist/javassist/3.12.0.GA/javassist-3.12.0.GA.jar:/home/mana/.m2/repository/javax/persistence/persistence-api/1.0/persistence-api-1.0.jar:"/>
    <property name="java.vm.specification.version" value="1.0"/>
    <property name="sun.arch.data.model" value="64"/>
    <property name="java.home" value="/usr/lib/jvm/java-6-sun-1.6.0.22/jre"/>
    <property name="java.specification.vendor" value="Sun Microsystems Inc."/>
    <property name="user.language" value="cs"/>
    <property name="java.vm.info" value="mixed mode"/>
    <property name="java.version" value="1.6.0_22"/>
    <property name="java.ext.dirs" value="/usr/lib/jvm/java-6-sun-1.6.0.22/jre/lib/ext:/usr/java/packages/lib/ext"/>
    <property name="sun.boot.class.path" value="/usr/lib/jvm/java-6-sun-1.6.0.22/jre/lib/resources.jar:/usr/lib/jvm/java-6-sun-1.6.0.22/jre/lib/rt.jar:/usr/lib/jvm/java-6-sun-1.6.0.22/jre/lib/sunrsasign.jar:/usr/lib/jvm/java-6-sun-1.6.0.22/jre/lib/jsse.jar:/usr/lib/jvm/java-6-sun-1.6.0.22/jre/lib/jce.jar:/usr/lib/jvm/java-6-sun-1.6.0.22/jre/lib/charsets.jar:/usr/lib/jvm/java-6-sun-1.6.0.22/jre/classes"/>
    <property name="java.vendor" value="Sun Microsystems Inc."/>
    <property name="localRepository" value="/home/mana/.m2/repository"/>
    <property name="file.separator" value="/"/>
    <property name="java.vendor.url.bug" value="http://java.sun.com/cgi-bin/bugreport.cgi"/>
    <property name="sun.cpu.endian" value="little"/>
    <property name="sun.io.unicode.encoding" value="UnicodeLittle"/>
    <property name="sun.desktop" value="gnome"/>
    <property name="sun.cpu.isalist" value=""/>
  </properties>
  <testcase time="0.004" classname="org.jboss.seam.test.unit.RemotingTest" name="testNullWrapper"/>
  <testcase time="0.016" classname="org.jboss.seam.test.unit.RemotingTest" name="testWrapperFactory"/>
  <testcase time="0.017" classname="org.jboss.seam.test.unit.RemotingTest" name="testBooleanWrapper"/>
  <testcase time="0.001" classname="org.jboss.seam.test.unit.RemotingTest" name="testNumberWrapper"/>
  <testcase time="0.009" classname="org.jboss.seam.test.unit.RemotingTest" name="testInterfaceGenerator"/>
  <testcase time="0" classname="org.jboss.seam.test.unit.RemotingTest" name="testConversionScore"/>
  <testcase time="0.005" classname="org.jboss.seam.test.unit.RemotingTest" name="testDateWrapper"/>
  <testcase time="0.005" classname="org.jboss.seam.test.unit.RemotingTest" name="testBagWrapper"/>
  <testcase time="0.029" classname="org.jboss.seam.test.unit.RemotingTest" name="testMapWrapper"/>
  <testcase time="0.001" classname="org.jboss.seam.test.unit.RemotingTest" name="testBaseWrapper"/>
  <testcase time="0.002" classname="org.jboss.seam.test.unit.RemotingTest" name="testStringWrapper"/>
  <testcase time="0" classname="org.jboss.seam.test.unit.RemotingTest" name="testBeanWrapper"/>
  <testcase time="1.538" classname="org.jboss.seam.test.unit.RemotingTest" name="testConstraints"/>
</testsuite>