<?xml version="1.0" encoding="UTF-8" ?>
<testsuite failures="4" time="6.485" errors="0" skipped="0" tests="93" name="TestSuite">
  <properties>
    <property name="java.runtime.name" value="Java(TM) SE Runtime Environment"/>
    <property name="sun.boot.library.path" value="/usr/lib/jvm/java-6-sun-1.6.0.22/jre/lib/amd64"/>
    <property name="java.vm.version" value="17.1-b03"/>
    <property name="java.vm.vendor" value="Sun Microsystems Inc."/>
    <property name="java.vendor.url" value="http://java.sun.com/"/>
    <property name="path.separator" value=":"/>
    <property name="java.vm.name" value="Java HotSpot(TM) 64-Bit Server VM"/>
    <property name="file.encoding.pkg" value="sun.io"/>
    <property name="user.country" value="CZ"/>
    <property name="sun.java.launcher" value="SUN_STANDARD"/>
    <property name="sun.os.patch.level" value="unknown"/>
    <property name="java.vm.specification.name" value="Java Virtual Machine Specification"/>
    <property name="user.dir" value="/home/mana/projects/git/seam-revisited/jboss-seam-core"/>
    <property name="java.runtime.version" value="1.6.0_22-b04"/>
    <property name="java.awt.graphicsenv" value="sun.awt.X11GraphicsEnvironment"/>
    <property name="basedir" value="/home/mana/projects/git/seam-revisited/jboss-seam-core"/>
    <property name="java.endorsed.dirs" value="/usr/lib/jvm/java-6-sun-1.6.0.22/jre/lib/endorsed"/>
    <property name="os.arch" value="amd64"/>
    <property name="surefire.real.class.path" value="/tmp/surefirebooter1660446931319999486.jar"/>
    <property name="java.io.tmpdir" value="/tmp"/>
    <property name="line.separator" value="
"/>
    <property name="java.vm.specification.vendor" value="Sun Microsystems Inc."/>
    <property name="os.name" value="Linux"/>
    <property name="sun.jnu.encoding" value="UTF-8"/>
    <property name="java.library.path" value="/usr/lib/jvm/java-6-sun-1.6.0.22/jre/lib/amd64/server:/usr/lib/jvm/java-6-sun-1.6.0.22/jre/lib/amd64:/usr/lib/jvm/java-6-sun-1.6.0.22/jre/../lib/amd64:/usr/java/packages/lib/amd64:/usr/lib64:/lib64:/lib:/usr/lib"/>
    <property name="surefire.test.class.path" value="/home/mana/projects/git/seam-revisited/jboss-seam-core/target/test-classes:/home/mana/projects/git/seam-revisited/jboss-seam-core/target/classes:/home/mana/.m2/repository/org/hibernate/hibernate-core/3.3.1.GA/hibernate-core-3.3.1.GA.jar:/home/mana/.m2/repository/antlr/antlr/2.7.6/antlr-2.7.6.jar:/home/mana/.m2/repository/dom4j/dom4j/1.6.1-brew/dom4j-1.6.1-brew.jar:/home/mana/.m2/repository/javax/transaction/jta/1.1/jta-1.1.jar:/home/mana/.m2/repository/commons-logging/commons-logging/1.1.1/commons-logging-1.1.1.jar:/home/mana/.m2/repository/org/hibernate/hibernate-annotations/3.4.0.GA/hibernate-annotations-3.4.0.GA.jar:/home/mana/.m2/repository/org/hibernate/hibernate-commons-annotations/3.1.0.GA/hibernate-commons-annotations-3.1.0.GA.jar:/home/mana/.m2/repository/org/slf4j/slf4j-api/1.4.2/slf4j-api-1.4.2.jar:/home/mana/.m2/repository/org/hibernate/hibernate-validator/3.1.0.GA/hibernate-validator-3.1.0.GA.jar:/home/mana/.m2/repository/org/hibernate/hibernate-search/3.1.1.GA/hibernate-search-3.1.1.GA.jar:/home/mana/.m2/repository/org/hibernate/ejb3-persistence/1.0.2.GA/ejb3-persistence-1.0.2.GA.jar:/home/mana/.m2/repository/org/apache/lucene/lucene-core/2.4.1/lucene-core-2.4.1.jar:/home/mana/.m2/repository/hsqldb/hsqldb/1.8.0.8-brew/hsqldb-1.8.0.8-brew.jar:/home/mana/.m2/repository/org/hibernate/hibernate-entitymanager/3.4.0.GA/hibernate-entitymanager-3.4.0.GA.jar:/home/mana/.m2/repository/javassist/javassist/3.12.0.GA/javassist-3.12.0.GA.jar:/home/mana/.m2/repository/javax/portlet/portlet-api/1.0/portlet-api-1.0.jar:/home/mana/.m2/repository/javax/servlet/servlet-api/2.5/servlet-api-2.5.jar:/home/mana/.m2/repository/javax/mail/mail/1.4/mail-1.4.jar:/home/mana/.m2/repository/javax/activation/activation/1.1/activation-1.1.jar:/home/mana/.m2/repository/javax/xml/ws/jaxws-api/2.1/jaxws-api-2.1.jar:/home/mana/.m2/repository/javax/xml/bind/jaxb-api/2.1/jaxb-api-2.1.jar:/home/mana/.m2/repository/javax/jws/jsr181-api/1.0-MR1/jsr181-api-1.0-MR1.jar:/home/mana/.m2/repository/javax/faces/jsf-api/1.2_12/jsf-api-1.2_12.jar:/home/mana/.m2/repository/javax/servlet/jsp/jsp-api/2.1/jsp-api-2.1.jar:/home/mana/.m2/repository/javax/ejb/ejb-api/3.0/ejb-api-3.0.jar:/home/mana/.m2/repository/javax/xml/soap/saaj-api/1.3/saaj-api-1.3.jar:/home/mana/.m2/repository/javax/jms/jms/1.1/jms-1.1.jar:/home/mana/.m2/repository/javax/annotation/jsr250-api/1.0/jsr250-api-1.0.jar:/home/mana/.m2/repository/org/codehaus/groovy/groovy-all/1.5.4/groovy-all-1.5.4.jar:/home/mana/.m2/repository/log4j/log4j/1.2.14/log4j-1.2.14.jar:/home/mana/.m2/repository/javax/el/el-api/1.0/el-api-1.0.jar:/home/mana/.m2/repository/javax/persistence/persistence-api/1.0/persistence-api-1.0.jar:/home/mana/.m2/repository/org/apache/ant/ant-antlr/1.7.0/ant-antlr-1.7.0.jar:/home/mana/.m2/repository/net/sf/ehcache/ehcache/1.2.3/ehcache-1.2.3.jar:/home/mana/.m2/repository/jboss/jboss-cache/1.4.1.SP9/jboss-cache-1.4.1.SP9.jar:/home/mana/.m2/repository/org/jboss/cache/jbosscache-core/2.2.0.CR6/jbosscache-core-2.2.0.CR6.jar:/home/mana/.m2/repository/jgroups/jgroups/2.4.1/jgroups-2.4.1.jar:/home/mana/.m2/repository/jboss/jboss-system/4.2.3.GA/jboss-system-4.2.3.GA.jar:/home/mana/.m2/repository/jboss/jboss-jmx/4.2.3.GA/jboss-jmx-4.2.3.GA.jar:/home/mana/.m2/repository/org/buni/meldware/meldware-mailjmx/1.0M8/meldware-mailjmx-1.0M8.jar:/home/mana/.m2/repository/org/buni/meldware/meldware-mailapi/1.0M8/meldware-mailapi-1.0M8.jar:/home/mana/.m2/repository/org/drools/drools-core/5.0.1/drools-core-5.0.1.jar:/home/mana/.m2/repository/org/mvel/mvel2/2.0.10/mvel2-2.0.10.jar:/home/mana/.m2/repository/org/drools/drools-api/5.0.1/drools-api-5.0.1.jar:/home/mana/.m2/repository/joda-time/joda-time/1.6/joda-time-1.6.jar:/home/mana/.m2/repository/org/drools/drools-compiler/5.0.1/drools-compiler-5.0.1.jar:/home/mana/.m2/repository/org/antlr/antlr-runtime/3.1.1/antlr-runtime-3.1.1.jar:/home/mana/.m2/repository/org/eclipse/jdt/core/3.4.2.v_883_R34x/core-3.4.2.v_883_R34x.jar:/home/mana/.m2/repository/janino/janino/2.5.15/janino-2.5.15.jar:/home/mana/.m2/repository/org/drools/drools-templates/5.0.1/drools-templates-5.0.1.jar:/home/mana/.m2/repository/org/drools/drools-decisiontables/5.0.1/drools-decisiontables-5.0.1.jar:/home/mana/.m2/repository/com/thoughtworks/xstream/xstream/1.3.1/xstream-1.3.1.jar:/home/mana/.m2/repository/xpp3/xpp3_min/1.1.3.4.O/xpp3_min-1.1.3.4.O.jar:/home/mana/.m2/repository/net/sourceforge/jexcelapi/jxl/2.6.8-seam/jxl-2.6.8-seam.jar:/home/mana/.m2/repository/org/testng/testng/5.9/testng-5.9-jdk15.jar:/home/mana/.m2/repository/org/dbunit/dbunit/2.2/dbunit-2.2.jar:/home/mana/.m2/repository/org/jbpm/jbpm3/jbpm-jpdl/3.2.9/jbpm-jpdl-3.2.9.jar:/home/mana/.m2/repository/org/apache/ant/ant/1.7.0/ant-1.7.0.jar:/home/mana/.m2/repository/bsh/bsh/1.3.0/bsh-1.3.0.jar:/home/mana/.m2/repository/org/apache/jackrabbit/jackrabbit-core/1.4.5/jackrabbit-core-1.4.5.jar:/home/mana/.m2/repository/concurrent/concurrent/1.3.4/concurrent-1.3.4.jar:/home/mana/.m2/repository/commons-collections/commons-collections/3.2/commons-collections-3.2.jar:/home/mana/.m2/repository/org/apache/jackrabbit/jackrabbit-api/1.4/jackrabbit-api-1.4.jar:/home/mana/.m2/repository/org/apache/jackrabbit/jackrabbit-jcr-commons/1.4/jackrabbit-jcr-commons-1.4.jar:/home/mana/.m2/repository/org/apache/jackrabbit/jackrabbit-spi-commons/1.4/jackrabbit-spi-commons-1.4.jar:/home/mana/.m2/repository/org/apache/jackrabbit/jackrabbit-spi/1.4/jackrabbit-spi-1.4.jar:/home/mana/.m2/repository/junit/junit/3.8.1/junit-3.8.1.jar:/home/mana/.m2/repository/org/apache/jackrabbit/jackrabbit-text-extractors/1.4/jackrabbit-text-extractors-1.4.jar:/home/mana/.m2/repository/poi/poi/2.5.1-final-20040804/poi-2.5.1-final-20040804.jar:/home/mana/.m2/repository/pdfbox/pdfbox/0.6.4/pdfbox-0.6.4.jar:/home/mana/.m2/repository/org/textmining/tm-extractors/0.4/tm-extractors-0.4.jar:/home/mana/.m2/repository/nekohtml/nekohtml/0.9.4/nekohtml-0.9.4.jar:/home/mana/.m2/repository/xerces/xercesImpl/2.8.1/xercesImpl-2.8.1.jar:/home/mana/.m2/repository/xml-apis/xml-apis/1.3.03/xml-apis-1.3.03.jar:/home/mana/.m2/repository/org/apache/derby/derby/10.2.1.6/derby-10.2.1.6.jar:/home/mana/.m2/repository/org/beanshell/bsh/2.0b4/bsh-2.0b4.jar:/home/mana/.m2/repository/org/jboss/el/jboss-el/1.0_02.CR5/jboss-el-1.0_02.CR5.jar:/home/mana/.m2/repository/org/jboss/seam/embedded/jboss-embedded-api/beta3.SP10/jboss-embedded-api-beta3.SP10.jar:/home/mana/.m2/repository/org/jboss/microcontainer/jboss-deployers-client-spi/2.0.0.Beta6/jboss-deployers-client-spi-2.0.0.Beta6.jar:/home/mana/.m2/repository/org/jboss/microcontainer/jboss-deployers-core-spi/2.0.0.Beta6/jboss-deployers-core-spi-2.0.0.Beta6.jar:/home/mana/.m2/repository/quartz/quartz/1.6.0/quartz-1.6.0.jar:/home/mana/.m2/repository/javax/faces/jsf-impl/1.2_12/jsf-impl-1.2_12.jar:/home/mana/.m2/repository/org/tuckey/urlrewritefilter/3.0.4/urlrewritefilter-3.0.4.jar:/home/mana/.m2/repository/oswego-concurrent/concurrent/1.3.4/concurrent-1.3.4.jar:/home/mana/.m2/repository/org/jboss/jboss-vfs/2.0.0.Beta11/jboss-vfs-2.0.0.Beta11.jar:/home/mana/.m2/repository/org/jboss/logging/jboss-logging-spi/2.0.5.GA/jboss-logging-spi-2.0.5.GA.jar:/home/mana/.m2/repository/jboss/jboss-common-core/2.0.4.GA/jboss-common-core-2.0.4.GA.jar:/home/mana/.m2/repository/org/openid4java/openid4java/0.9.4.339/openid4java-0.9.4.339.jar:/home/mana/.m2/repository/commons-httpclient/commons-httpclient/3.0.1/commons-httpclient-3.0.1.jar:/home/mana/.m2/repository/commons-codec/commons-codec/1.2/commons-codec-1.2.jar:/home/mana/.m2/repository/org/htmlparser/htmlparser/1.6/htmlparser-1.6.jar:/home/mana/.m2/repository/org/openxri/openxri-syntax/1.0.1/openxri-syntax-1.0.1.jar:/home/mana/.m2/repository/org/openxri/openxri-client/1.0.1/openxri-client-1.0.1.jar:"/>
    <property name="java.specification.name" value="Java Platform API Specification"/>
    <property name="java.class.version" value="50.0"/>
    <property name="sun.management.compiler" value="HotSpot 64-Bit Server Compiler"/>
    <property name="os.version" value="2.6.35-23-generic"/>
    <property name="user.home" value="/home/mana"/>
    <property name="user.timezone" value="Europe/Prague"/>
    <property name="java.awt.printerjob" value="sun.print.PSPrinterJob"/>
    <property name="file.encoding" value="UTF-8"/>
    <property name="java.specification.version" value="1.6"/>
    <property name="user.name" value="mana"/>
    <property name="java.class.path" value="/home/mana/projects/git/seam-revisited/jboss-seam-core/target/test-classes:/home/mana/projects/git/seam-revisited/jboss-seam-core/target/classes:/home/mana/.m2/repository/org/hibernate/hibernate-core/3.3.1.GA/hibernate-core-3.3.1.GA.jar:/home/mana/.m2/repository/antlr/antlr/2.7.6/antlr-2.7.6.jar:/home/mana/.m2/repository/dom4j/dom4j/1.6.1-brew/dom4j-1.6.1-brew.jar:/home/mana/.m2/repository/javax/transaction/jta/1.1/jta-1.1.jar:/home/mana/.m2/repository/commons-logging/commons-logging/1.1.1/commons-logging-1.1.1.jar:/home/mana/.m2/repository/org/hibernate/hibernate-annotations/3.4.0.GA/hibernate-annotations-3.4.0.GA.jar:/home/mana/.m2/repository/org/hibernate/hibernate-commons-annotations/3.1.0.GA/hibernate-commons-annotations-3.1.0.GA.jar:/home/mana/.m2/repository/org/slf4j/slf4j-api/1.4.2/slf4j-api-1.4.2.jar:/home/mana/.m2/repository/org/hibernate/hibernate-validator/3.1.0.GA/hibernate-validator-3.1.0.GA.jar:/home/mana/.m2/repository/org/hibernate/hibernate-search/3.1.1.GA/hibernate-search-3.1.1.GA.jar:/home/mana/.m2/repository/org/hibernate/ejb3-persistence/1.0.2.GA/ejb3-persistence-1.0.2.GA.jar:/home/mana/.m2/repository/org/apache/lucene/lucene-core/2.4.1/lucene-core-2.4.1.jar:/home/mana/.m2/repository/hsqldb/hsqldb/1.8.0.8-brew/hsqldb-1.8.0.8-brew.jar:/home/mana/.m2/repository/org/hibernate/hibernate-entitymanager/3.4.0.GA/hibernate-entitymanager-3.4.0.GA.jar:/home/mana/.m2/repository/javassist/javassist/3.12.0.GA/javassist-3.12.0.GA.jar:/home/mana/.m2/repository/javax/portlet/portlet-api/1.0/portlet-api-1.0.jar:/home/mana/.m2/repository/javax/servlet/servlet-api/2.5/servlet-api-2.5.jar:/home/mana/.m2/repository/javax/mail/mail/1.4/mail-1.4.jar:/home/mana/.m2/repository/javax/activation/activation/1.1/activation-1.1.jar:/home/mana/.m2/repository/javax/xml/ws/jaxws-api/2.1/jaxws-api-2.1.jar:/home/mana/.m2/repository/javax/xml/bind/jaxb-api/2.1/jaxb-api-2.1.jar:/home/mana/.m2/repository/javax/jws/jsr181-api/1.0-MR1/jsr181-api-1.0-MR1.jar:/home/mana/.m2/repository/javax/faces/jsf-api/1.2_12/jsf-api-1.2_12.jar:/home/mana/.m2/repository/javax/servlet/jsp/jsp-api/2.1/jsp-api-2.1.jar:/home/mana/.m2/repository/javax/ejb/ejb-api/3.0/ejb-api-3.0.jar:/home/mana/.m2/repository/javax/xml/soap/saaj-api/1.3/saaj-api-1.3.jar:/home/mana/.m2/repository/javax/jms/jms/1.1/jms-1.1.jar:/home/mana/.m2/repository/javax/annotation/jsr250-api/1.0/jsr250-api-1.0.jar:/home/mana/.m2/repository/org/codehaus/groovy/groovy-all/1.5.4/groovy-all-1.5.4.jar:/home/mana/.m2/repository/log4j/log4j/1.2.14/log4j-1.2.14.jar:/home/mana/.m2/repository/javax/el/el-api/1.0/el-api-1.0.jar:/home/mana/.m2/repository/javax/persistence/persistence-api/1.0/persistence-api-1.0.jar:/home/mana/.m2/repository/org/apache/ant/ant-antlr/1.7.0/ant-antlr-1.7.0.jar:/home/mana/.m2/repository/net/sf/ehcache/ehcache/1.2.3/ehcache-1.2.3.jar:/home/mana/.m2/repository/jboss/jboss-cache/1.4.1.SP9/jboss-cache-1.4.1.SP9.jar:/home/mana/.m2/repository/org/jboss/cache/jbosscache-core/2.2.0.CR6/jbosscache-core-2.2.0.CR6.jar:/home/mana/.m2/repository/jgroups/jgroups/2.4.1/jgroups-2.4.1.jar:/home/mana/.m2/repository/jboss/jboss-system/4.2.3.GA/jboss-system-4.2.3.GA.jar:/home/mana/.m2/repository/jboss/jboss-jmx/4.2.3.GA/jboss-jmx-4.2.3.GA.jar:/home/mana/.m2/repository/org/buni/meldware/meldware-mailjmx/1.0M8/meldware-mailjmx-1.0M8.jar:/home/mana/.m2/repository/org/buni/meldware/meldware-mailapi/1.0M8/meldware-mailapi-1.0M8.jar:/home/mana/.m2/repository/org/drools/drools-core/5.0.1/drools-core-5.0.1.jar:/home/mana/.m2/repository/org/mvel/mvel2/2.0.10/mvel2-2.0.10.jar:/home/mana/.m2/repository/org/drools/drools-api/5.0.1/drools-api-5.0.1.jar:/home/mana/.m2/repository/joda-time/joda-time/1.6/joda-time-1.6.jar:/home/mana/.m2/repository/org/drools/drools-compiler/5.0.1/drools-compiler-5.0.1.jar:/home/mana/.m2/repository/org/antlr/antlr-runtime/3.1.1/antlr-runtime-3.1.1.jar:/home/mana/.m2/repository/org/eclipse/jdt/core/3.4.2.v_883_R34x/core-3.4.2.v_883_R34x.jar:/home/mana/.m2/repository/janino/janino/2.5.15/janino-2.5.15.jar:/home/mana/.m2/repository/org/drools/drools-templates/5.0.1/drools-templates-5.0.1.jar:/home/mana/.m2/repository/org/drools/drools-decisiontables/5.0.1/drools-decisiontables-5.0.1.jar:/home/mana/.m2/repository/com/thoughtworks/xstream/xstream/1.3.1/xstream-1.3.1.jar:/home/mana/.m2/repository/xpp3/xpp3_min/1.1.3.4.O/xpp3_min-1.1.3.4.O.jar:/home/mana/.m2/repository/net/sourceforge/jexcelapi/jxl/2.6.8-seam/jxl-2.6.8-seam.jar:/home/mana/.m2/repository/org/testng/testng/5.9/testng-5.9-jdk15.jar:/home/mana/.m2/repository/org/dbunit/dbunit/2.2/dbunit-2.2.jar:/home/mana/.m2/repository/org/jbpm/jbpm3/jbpm-jpdl/3.2.9/jbpm-jpdl-3.2.9.jar:/home/mana/.m2/repository/org/apache/ant/ant/1.7.0/ant-1.7.0.jar:/home/mana/.m2/repository/bsh/bsh/1.3.0/bsh-1.3.0.jar:/home/mana/.m2/repository/org/apache/jackrabbit/jackrabbit-core/1.4.5/jackrabbit-core-1.4.5.jar:/home/mana/.m2/repository/concurrent/concurrent/1.3.4/concurrent-1.3.4.jar:/home/mana/.m2/repository/commons-collections/commons-collections/3.2/commons-collections-3.2.jar:/home/mana/.m2/repository/org/apache/jackrabbit/jackrabbit-api/1.4/jackrabbit-api-1.4.jar:/home/mana/.m2/repository/org/apache/jackrabbit/jackrabbit-jcr-commons/1.4/jackrabbit-jcr-commons-1.4.jar:/home/mana/.m2/repository/org/apache/jackrabbit/jackrabbit-spi-commons/1.4/jackrabbit-spi-commons-1.4.jar:/home/mana/.m2/repository/org/apache/jackrabbit/jackrabbit-spi/1.4/jackrabbit-spi-1.4.jar:/home/mana/.m2/repository/junit/junit/3.8.1/junit-3.8.1.jar:/home/mana/.m2/repository/org/apache/jackrabbit/jackrabbit-text-extractors/1.4/jackrabbit-text-extractors-1.4.jar:/home/mana/.m2/repository/poi/poi/2.5.1-final-20040804/poi-2.5.1-final-20040804.jar:/home/mana/.m2/repository/pdfbox/pdfbox/0.6.4/pdfbox-0.6.4.jar:/home/mana/.m2/repository/org/textmining/tm-extractors/0.4/tm-extractors-0.4.jar:/home/mana/.m2/repository/nekohtml/nekohtml/0.9.4/nekohtml-0.9.4.jar:/home/mana/.m2/repository/xerces/xercesImpl/2.8.1/xercesImpl-2.8.1.jar:/home/mana/.m2/repository/xml-apis/xml-apis/1.3.03/xml-apis-1.3.03.jar:/home/mana/.m2/repository/org/apache/derby/derby/10.2.1.6/derby-10.2.1.6.jar:/home/mana/.m2/repository/org/beanshell/bsh/2.0b4/bsh-2.0b4.jar:/home/mana/.m2/repository/org/jboss/el/jboss-el/1.0_02.CR5/jboss-el-1.0_02.CR5.jar:/home/mana/.m2/repository/org/jboss/seam/embedded/jboss-embedded-api/beta3.SP10/jboss-embedded-api-beta3.SP10.jar:/home/mana/.m2/repository/org/jboss/microcontainer/jboss-deployers-client-spi/2.0.0.Beta6/jboss-deployers-client-spi-2.0.0.Beta6.jar:/home/mana/.m2/repository/org/jboss/microcontainer/jboss-deployers-core-spi/2.0.0.Beta6/jboss-deployers-core-spi-2.0.0.Beta6.jar:/home/mana/.m2/repository/quartz/quartz/1.6.0/quartz-1.6.0.jar:/home/mana/.m2/repository/javax/faces/jsf-impl/1.2_12/jsf-impl-1.2_12.jar:/home/mana/.m2/repository/org/tuckey/urlrewritefilter/3.0.4/urlrewritefilter-3.0.4.jar:/home/mana/.m2/repository/oswego-concurrent/concurrent/1.3.4/concurrent-1.3.4.jar:/home/mana/.m2/repository/org/jboss/jboss-vfs/2.0.0.Beta11/jboss-vfs-2.0.0.Beta11.jar:/home/mana/.m2/repository/org/jboss/logging/jboss-logging-spi/2.0.5.GA/jboss-logging-spi-2.0.5.GA.jar:/home/mana/.m2/repository/jboss/jboss-common-core/2.0.4.GA/jboss-common-core-2.0.4.GA.jar:/home/mana/.m2/repository/org/openid4java/openid4java/0.9.4.339/openid4java-0.9.4.339.jar:/home/mana/.m2/repository/commons-httpclient/commons-httpclient/3.0.1/commons-httpclient-3.0.1.jar:/home/mana/.m2/repository/commons-codec/commons-codec/1.2/commons-codec-1.2.jar:/home/mana/.m2/repository/org/htmlparser/htmlparser/1.6/htmlparser-1.6.jar:/home/mana/.m2/repository/org/openxri/openxri-syntax/1.0.1/openxri-syntax-1.0.1.jar:/home/mana/.m2/repository/org/openxri/openxri-client/1.0.1/openxri-client-1.0.1.jar:"/>
    <property name="java.vm.specification.version" value="1.0"/>
    <property name="sun.arch.data.model" value="64"/>
    <property name="java.home" value="/usr/lib/jvm/java-6-sun-1.6.0.22/jre"/>
    <property name="java.specification.vendor" value="Sun Microsystems Inc."/>
    <property name="user.language" value="cs"/>
    <property name="java.vm.info" value="mixed mode"/>
    <property name="java.version" value="1.6.0_22"/>
    <property name="java.ext.dirs" value="/usr/lib/jvm/java-6-sun-1.6.0.22/jre/lib/ext:/usr/java/packages/lib/ext"/>
    <property name="sun.boot.class.path" value="/usr/lib/jvm/java-6-sun-1.6.0.22/jre/lib/resources.jar:/usr/lib/jvm/java-6-sun-1.6.0.22/jre/lib/rt.jar:/usr/lib/jvm/java-6-sun-1.6.0.22/jre/lib/sunrsasign.jar:/usr/lib/jvm/java-6-sun-1.6.0.22/jre/lib/jsse.jar:/usr/lib/jvm/java-6-sun-1.6.0.22/jre/lib/jce.jar:/usr/lib/jvm/java-6-sun-1.6.0.22/jre/lib/charsets.jar:/usr/lib/jvm/java-6-sun-1.6.0.22/jre/classes"/>
    <property name="java.vendor" value="Sun Microsystems Inc."/>
    <property name="localRepository" value="/home/mana/.m2/repository"/>
    <property name="file.separator" value="/"/>
    <property name="java.vendor.url.bug" value="http://java.sun.com/cgi-bin/bugreport.cgi"/>
    <property name="sun.cpu.endian" value="little"/>
    <property name="sun.io.unicode.encoding" value="UnicodeLittle"/>
    <property name="sun.desktop" value="gnome"/>
    <property name="sun.cpu.isalist" value=""/>
  </properties>
  <testcase time="0.024" classname="org.jboss.seam.test.unit.ComponentTest" name="testComponent"/>
  <testcase time="0" classname="org.jboss.seam.test.unit.ComponentTest" name="testStaticMethods"/>
  <testcase time="0.068" classname="org.jboss.seam.test.unit.ContextTest" name="testContextManagement"/>
  <testcase time="0.005" classname="org.jboss.seam.test.unit.ContextTest" name="testContexts"/>
  <testcase time="0.003" classname="org.jboss.seam.test.unit.DependencyTest" name="testOverride2"/>
  <testcase time="0.001" classname="org.jboss.seam.test.unit.DependencyTest" name="testClassDependency"/>
  <testcase time="0" classname="org.jboss.seam.test.unit.DependencyTest" name="testNoDependencies"/>
  <testcase time="0" classname="org.jboss.seam.test.unit.DependencyTest" name="testNoComponents"/>
  <testcase time="0" classname="org.jboss.seam.test.unit.DependencyTest" name="testCircularDependency"/>
  <testcase time="0" classname="org.jboss.seam.test.unit.DependencyTest" name="testDependency"/>
  <testcase time="0" classname="org.jboss.seam.test.unit.DependencyTest" name="testComponentByClassDependency"/>
  <testcase time="0" classname="org.jboss.seam.test.unit.DependencyTest" name="testUnmetDueToOverride"/>
  <testcase time="0" classname="org.jboss.seam.test.unit.DependencyTest" name="testOverride"/>
  <testcase time="0" classname="org.jboss.seam.test.unit.DependencyTest" name="testNotInstalled"/>
  <testcase time="0.066" classname="org.jboss.seam.test.unit.ExpressionsTest" name="testExpressionResolvedInFacesELContext"/>
  <testcase time="0.003" classname="org.jboss.seam.test.unit.HomeTest" name="testGetEntityClassOverride"/>
  <testcase time="0.004" classname="org.jboss.seam.test.unit.HomeTest" name="testReadEntityClassFromTypeParameter"/>
  <testcase time="0" classname="org.jboss.seam.test.unit.HomeTest" name="testCreateInstance"/>
  <testcase time="0.428" classname="org.jboss.seam.test.unit.InitializationTest" name="testInitialization"/>
  <testcase time="0.303" classname="org.jboss.seam.test.unit.InitializationTest" name="testEntityHomeConfiguration"/>
  <testcase time="0.215" classname="org.jboss.seam.test.unit.InitializationTest" name="testEnumPropertyAssignment"/>
  <testcase time="0.01" classname="org.jboss.seam.test.unit.InterceptorTest" name="testConversationInterceptor"/>
  <testcase time="0.005" classname="org.jboss.seam.test.unit.InterceptorTest" name="testCyclicDependencyThowsException"/>
  <testcase time="0.011" classname="org.jboss.seam.test.unit.InterceptorTest" name="testValidationInterceptor"/>
  <testcase time="0.003" classname="org.jboss.seam.test.unit.InterceptorTest" name="testConversationalInterceptor"/>
  <testcase time="0.026" classname="org.jboss.seam.test.unit.InterceptorTest" name="testReentrantBijection"/>
  <testcase time="0.003" classname="org.jboss.seam.test.unit.InterceptorTest" name="testRemoveInterceptor"/>
  <testcase time="0.008" classname="org.jboss.seam.test.unit.InterceptorTest" name="testBijectionInterceptor"/>
  <testcase time="0.013" classname="org.jboss.seam.test.unit.InterpolatorTest" name="testInterpolation"/>
  <testcase time="0.001" classname="org.jboss.seam.test.unit.MailTest" name="testMeldwareUser"/>
  <testcase time="0.034" classname="org.jboss.seam.test.unit.MailTest" name="testAuthenticatedMailSession"/>
  <testcase time="0.019" classname="org.jboss.seam.test.unit.MailTest" name="testMailSession"/>
  <testcase time="0.002" classname="org.jboss.seam.test.unit.MailTest" name="testBasicSslMailSession"/>
  <testcase time="0.001" classname="org.jboss.seam.test.unit.MailTest" name="testBasicMailSession"/>
  <testcase time="0.037" classname="org.jboss.seam.test.unit.MailTest" name="testJndiMailSession"/>
  <testcase time="0.002" classname="org.jboss.seam.test.unit.MailTest" name="testMissingUsernameMailSession"/>
  <testcase time="0" classname="org.jboss.seam.test.unit.MailTest" name="testAdminMeldwareUser"/>
  <testcase time="0.002" classname="org.jboss.seam.test.unit.MailTest" name="testAuthenticatedSslMailSession"/>
  <testcase time="0.002" classname="org.jboss.seam.test.unit.MailTest" name="testMissingPasswordMailSession"/>
  <testcase time="0.002" classname="org.jboss.seam.test.unit.MailTest" name="testSslMailSession"/>
  <testcase time="0.007" classname="org.jboss.seam.test.unit.PageActionsTest" name="testShortCircuitOnNonNullOutcome"/>
  <testcase time="0.001" classname="org.jboss.seam.test.unit.PageActionsTest" name="testShortCircuitOnNonNullOutcomeToSamePage"/>
  <testcase time="0.001" classname="org.jboss.seam.test.unit.PageActionsTest" name="testShortCircuitOnNonNullOutcomeWithRedirect"/>
  <testcase time="0.001" classname="org.jboss.seam.test.unit.PageActionsTest" name="testShortCircuitOnNullOutcome"/>
  <testcase time="0.001" classname="org.jboss.seam.test.unit.PageActionsTest" name="testShortCircuitInMiddle"/>
  <testcase time="0.001" classname="org.jboss.seam.test.unit.PageActionsTest" name="testPostbackConditionOnPageAction"/>
  <testcase time="0.001" classname="org.jboss.seam.test.unit.PageConversationControlTest" name="testBeginAndEndRootConversation"/>
  <testcase time="0" classname="org.jboss.seam.test.unit.PageConversationControlTest" name="testBeginNestedAndEndRootConversation"/>
  <testcase time="0.001" classname="org.jboss.seam.test.unit.PageConversationControlTest" name="testBeginNestedAndEndConversation"/>
  <testcase time="0.001" classname="org.jboss.seam.test.unit.PageDescriptorTest" name="testHasDescription"/>
  <testcase time="0" classname="org.jboss.seam.test.unit.PageDescriptorTest" name="testSwitchEnabledFlag"/>
  <testcase time="0" classname="org.jboss.seam.test.unit.PageDescriptorTest" name="testGetAndResolveDescription"/>
  <testcase time="0.005" classname="org.jboss.seam.test.unit.PageParamTest" name="testGetCallActionEscaped"/>
  <testcase time="0.001" classname="org.jboss.seam.test.unit.PageParamTest" name="testGetCallAction"/>
  <testcase time="0.028" classname="org.jboss.seam.test.unit.PageParamTest" name="testDateConverter"/>
  <testcase time="0" classname="org.jboss.seam.test.unit.PageParamTest" name="testValidateModelDisabled"/>
  <testcase time="0" classname="org.jboss.seam.test.unit.PageParamTest" name="testGetConverterById"/>
  <testcase time="0" classname="org.jboss.seam.test.unit.PageParamTest" name="testConverterIsNullForNonFacesValueExpression"/>
  <testcase time="0.046" classname="org.jboss.seam.test.unit.PageParamTest" name="testValidateModelWithInvalidValue">
    <failure message="org/slf4j/impl/StaticLoggerBinder" type="java.lang.NoClassDefFoundError">java.lang.NoClassDefFoundError: org/slf4j/impl/StaticLoggerBinder
	at org.slf4j.LoggerFactory.&lt;clinit&gt;(LoggerFactory.java:60)
	at org.hibernate.validator.ClassValidator.&lt;clinit&gt;(ClassValidator.java:53)
	at org.jboss.seam.core.Validators.createValidator(Validators.java:120)
	at org.jboss.seam.core.Validators.getValidator(Validators.java:103)
	at org.jboss.seam.core.Validators.getValidator(Validators.java:86)
	at org.jboss.seam.core.Validators$ValidatingResolver.setValue(Validators.java:191)
	at org.jboss.el.parser.AstPropertySuffix.setValue(AstPropertySuffix.java:73)
	at org.jboss.el.parser.AstValue.setValue(AstValue.java:84)
	at org.jboss.el.ValueExpressionImpl.setValue(ValueExpressionImpl.java:249)
	at org.jboss.seam.core.Validators.validate(Validators.java:136)
	at org.jboss.seam.navigation.Param.validateConvertedValue(Param.java:260)
	at org.jboss.seam.test.unit.PageParamTest.testValidateModelWithInvalidValue(PageParamTest.java:96)
Caused by: java.lang.ClassNotFoundException: org.slf4j.impl.StaticLoggerBinder
	at java.net.URLClassLoader$1.run(URLClassLoader.java:202)
	at java.security.AccessController.doPrivileged(Native Method)
	at java.net.URLClassLoader.findClass(URLClassLoader.java:190)
	at java.lang.ClassLoader.loadClass(ClassLoader.java:307)
	at sun.misc.Launcher$AppClassLoader.loadClass(Launcher.java:301)
	at java.lang.ClassLoader.loadClass(ClassLoader.java:248)
	... 41 more
</failure>
    <system-err>SLF4J: Failed to load class &quot;org.slf4j.impl.StaticLoggerBinder&quot;.
SLF4J: See http://www.slf4j.org/codes.html#StaticLoggerBinder for further details.
</system-err>
  </testcase>
  <testcase time="0.001" classname="org.jboss.seam.test.unit.PageParamTest" name="testGetValidatorById"/>
  <testcase time="0.002" classname="org.jboss.seam.test.unit.PageParamTest" name="testValidateModelWithValidValue">
    <failure message="Could not initialize class org.hibernate.validator.ClassValidator" type="java.lang.NoClassDefFoundError">java.lang.NoClassDefFoundError: Could not initialize class org.hibernate.validator.ClassValidator
	at org.jboss.seam.core.Validators.createValidator(Validators.java:120)
	at org.jboss.seam.core.Validators.getValidator(Validators.java:103)
	at org.jboss.seam.core.Validators.getValidator(Validators.java:86)
	at org.jboss.seam.core.Validators$ValidatingResolver.setValue(Validators.java:191)
	at org.jboss.el.parser.AstPropertySuffix.setValue(AstPropertySuffix.java:73)
	at org.jboss.el.parser.AstValue.setValue(AstValue.java:84)
	at org.jboss.el.ValueExpressionImpl.setValue(ValueExpressionImpl.java:249)
	at org.jboss.seam.core.Validators.validate(Validators.java:136)
	at org.jboss.seam.navigation.Param.validateConvertedValue(Param.java:260)
	at org.jboss.seam.test.unit.PageParamTest.testValidateModelWithValidValue(PageParamTest.java:102)
</failure>
  </testcase>
  <testcase time="0.474" classname="org.jboss.seam.test.unit.PageflowConfigurationTest" name="testOne">
    <failure message="Could not initialize class org.slf4j.LoggerFactory" type="java.lang.NoClassDefFoundError">java.lang.NoClassDefFoundError: Could not initialize class org.slf4j.LoggerFactory
	at org.hibernate.cfg.Configuration.&lt;clinit&gt;(Configuration.java:151)
	at org.jbpm.db.hibernate.HibernateHelper.createConfiguration(HibernateHelper.java:84)
	at org.jbpm.persistence.db.DbPersistenceServiceFactory.getConfiguration(DbPersistenceServiceFactory.java:69)
	at org.jbpm.persistence.db.DbPersistenceServiceFactory.getSessionFactory(DbPersistenceServiceFactory.java:97)
	at org.jbpm.persistence.db.DbPersistenceService.getSessionFactory(DbPersistenceService.java:94)
	at org.jbpm.persistence.db.DbPersistenceService.getSession(DbPersistenceService.java:99)
	at org.jbpm.persistence.db.DbPersistenceService.getJobSession(DbPersistenceService.java:346)
	at org.jbpm.JbpmContext.getJobSession(JbpmContext.java:610)
	at org.jbpm.msg.db.DbMessageService.&lt;init&gt;(DbMessageService.java:43)
	at org.jbpm.msg.db.DbMessageServiceFactory.openService(DbMessageServiceFactory.java:32)
	at org.jbpm.svc.Services.getService(Services.java:149)
	at org.jbpm.svc.Services.getMessageService(Services.java:182)
	at org.jbpm.graph.exe.ProcessInstance.end(ProcessInstance.java:354)
	at org.jbpm.graph.exe.Token.notifyParentOfTokenEnd(Token.java:343)
	at org.jbpm.graph.exe.Token.end(Token.java:316)
	at org.jbpm.graph.exe.Token.end(Token.java:264)
	at org.jbpm.graph.node.EndState.execute(EndState.java:76)
	at org.jbpm.graph.def.Node.enter(Node.java:381)
	at org.jbpm.graph.def.Transition.take(Transition.java:162)
	at org.jbpm.graph.def.Node.leave(Node.java:450)
	at org.jbpm.graph.exe.Token.signal(Token.java:208)
	at org.jbpm.graph.exe.Token.signal(Token.java:142)
	at org.jbpm.graph.exe.ProcessInstance.signal(ProcessInstance.java:293)
	at org.jboss.seam.test.unit.PageflowConfigurationTest.testOne(PageflowConfigurationTest.java:31)
</failure>
  </testcase>
  <testcase time="0.068" classname="org.jboss.seam.test.unit.PageflowTest" name="testPageflowWithStartPage"/>
  <testcase time="0.076" classname="org.jboss.seam.test.unit.PageflowTest" name="testPageflowWithStartState"/>
  <testcase time="0.164" classname="org.jboss.seam.test.unit.PageflowTest" name="testOrderPageflow">
    <failure message="Could not initialize class org.hibernate.cfg.Configuration" type="java.lang.NoClassDefFoundError">java.lang.NoClassDefFoundError: Could not initialize class org.hibernate.cfg.Configuration
	at org.jbpm.db.hibernate.HibernateHelper.createConfiguration(HibernateHelper.java:84)
	at org.jbpm.persistence.db.DbPersistenceServiceFactory.getConfiguration(DbPersistenceServiceFactory.java:69)
	at org.jbpm.persistence.db.DbPersistenceServiceFactory.getSessionFactory(DbPersistenceServiceFactory.java:97)
	at org.jbpm.persistence.db.DbPersistenceService.getSessionFactory(DbPersistenceService.java:94)
	at org.jbpm.persistence.db.DbPersistenceService.getSession(DbPersistenceService.java:99)
	at org.jbpm.persistence.db.DbPersistenceService.assignId(DbPersistenceService.java:317)
	at org.jbpm.svc.Services.assignId(Services.java:266)
	at org.jbpm.graph.exe.Token.&lt;init&gt;(Token.java:100)
	at org.jbpm.graph.exe.ProcessInstance.&lt;init&gt;(ProcessInstance.java:133)
	at org.jbpm.graph.exe.ProcessInstance.&lt;init&gt;(ProcessInstance.java:94)
	at org.jboss.seam.test.unit.PageflowTest.testOrderPageflow(PageflowTest.java:103)
</failure>
  </testcase>
  <testcase time="0.055" classname="org.jboss.seam.test.unit.PageflowTest" name="testPageflowWithStartPageAttribute"/>
  <testcase time="0.007" classname="org.jboss.seam.test.unit.PasswordHashTest" name="testMd5Hash"/>
  <testcase time="0" classname="org.jboss.seam.test.unit.PasswordHashTest" name="testShaHash"/>
  <testcase time="0.03" classname="org.jboss.seam.test.unit.PhaseListenerTest" name="testSeamPhaseListenerNewLongRunning"/>
  <testcase time="0.003" classname="org.jboss.seam.test.unit.PhaseListenerTest" name="testSeamPhaseListenerRedirect"/>
  <testcase time="0.013" classname="org.jboss.seam.test.unit.PhaseListenerTest" name="testSeamPhaseListenerNonFacesRequest"/>
  <testcase time="0.003" classname="org.jboss.seam.test.unit.PhaseListenerTest" name="testSeamPhaseListener"/>
  <testcase time="0.004" classname="org.jboss.seam.test.unit.PhaseListenerTest" name="testSeamPhaseListenerLongRunning"/>
  <testcase time="0.023" classname="org.jboss.seam.test.unit.QueryTest" name="testCountQuery"/>
  <testcase time="0.001" classname="org.jboss.seam.test.unit.bpm.ActorTest" name="testActorDirtyChecking"/>
  <testcase time="0.065" classname="org.jboss.seam.test.unit.bpm.JbpmTest" name="testGetPageflowDefinitionFromXml"/>
  <testcase time="0.05" classname="org.jboss.seam.test.unit.bpm.JbpmTest" name="testGetProcessDefinitionFromXml"/>
  <testcase time="0.009" classname="org.jboss.seam.test.unit.bpm.TaskListTest" name="emptyPooledTaskListIfNoGroupActorIds"/>
  <testcase time="0.005" classname="org.jboss.seam.test.unit.web.ConditionalRequestTest" name="testModifiedOnlyETag"/>
  <testcase time="0" classname="org.jboss.seam.test.unit.web.ConditionalRequestTest" name="testNotModifiedOnlyETag"/>
  <testcase time="0.001" classname="org.jboss.seam.test.unit.web.ConditionalRequestTest" name="testNotModifiedETagLastModified"/>
  <testcase time="0" classname="org.jboss.seam.test.unit.web.ConditionalRequestTest" name="testModifiedOnlyLastModified"/>
  <testcase time="0" classname="org.jboss.seam.test.unit.web.ConditionalRequestTest" name="testModifiedETagLastModified"/>
  <testcase time="0.001" classname="org.jboss.seam.test.unit.web.ConditionalRequestTest" name="testNotModifiedOnlyLastModified"/>
  <testcase time="0.002" classname="org.jboss.seam.test.unit.web.IdentityRequestWrapperTest" name="testWithSeamSecurityEnabled"/>
  <testcase time="0" classname="org.jboss.seam.test.unit.web.IdentityRequestWrapperTest" name="testWithSeamSecurityDisabled"/>
  <testcase time="0.005" classname="org.jboss.seam.test.unit.web.MultipartRequestTest" name="testMultipartRequest"/>
  <testcase time="0.002" classname="org.jboss.seam.test.unit.web.RewriteTest" name="testBasicInPattern"/>
  <testcase time="0.001" classname="org.jboss.seam.test.unit.web.RewriteTest" name="testBasicOutPattern"/>
  <testcase time="0.001" classname="org.jboss.seam.test.unit.web.RewriteTest" name="testSingleArgOutPattern"/>
  <testcase time="0" classname="org.jboss.seam.test.unit.web.RewriteTest" name="testMultiArgInPattern"/>
  <testcase time="0.001" classname="org.jboss.seam.test.unit.web.RewriteTest" name="testSingleArgInPattern"/>
  <testcase time="0" classname="org.jboss.seam.test.unit.web.RewriteTest" name="testMultiArgOutPattern"/>
</testsuite>