<?xml version="1.0" encoding="UTF-8"?>
<!-- Generated by org.testng.reporters.JUnitReportReporter -->
<testsuite hostname="kraken" name="org.jboss.seam.test.unit.PhaseListenerTest" tests="5" failures="0" timestamp="30 Dec 2010 22:42:11 GMT" time="0,046" errors="0">
  <testcase name="testSeamPhaseListenerRedirect" time="0,005" classname="org.jboss.seam.test.unit.PhaseListenerTest"/>
  <testcase name="testSeamPhaseListenerNonFacesRequest" time="0,005" classname="org.jboss.seam.test.unit.PhaseListenerTest"/>
  <testcase name="testSeamPhaseListener" time="0,025" classname="org.jboss.seam.test.unit.PhaseListenerTest"/>
  <testcase name="testSeamPhaseListenerNewLongRunning" time="0,005" classname="org.jboss.seam.test.unit.PhaseListenerTest"/>
  <testcase name="testSeamPhaseListenerLongRunning" time="0,006" classname="org.jboss.seam.test.unit.PhaseListenerTest"/>
</testsuite>
