<?xml version="1.0" encoding="UTF-8"?>
<!-- Generated by org.testng.reporters.JUnitReportReporter -->
<testsuite hostname="kraken" name="org.jboss.seam.test.unit.PageDescriptorTest" tests="3" failures="0" timestamp="30 Dec 2010 22:42:11 GMT" time="0,000" errors="0">
  <testcase name="testHasDescription" time="0,000" classname="org.jboss.seam.test.unit.PageDescriptorTest"/>
  <testcase name="testGetAndResolveDescription" time="0,000" classname="org.jboss.seam.test.unit.PageDescriptorTest"/>
  <testcase name="testSwitchEnabledFlag" time="0,000" classname="org.jboss.seam.test.unit.PageDescriptorTest"/>
</testsuite>
