<?xml version="1.0" encoding="UTF-8"?>
<!-- Generated by org.testng.reporters.JUnitReportReporter -->
<testsuite hostname="kraken" name="org.jboss.seam.test.unit.MailTest" tests="11" failures="0" timestamp="30 Dec 2010 22:42:11 GMT" time="0,032" errors="0">
  <testcase name="testMailSession" time="0,002" classname="org.jboss.seam.test.unit.MailTest"/>
  <testcase name="testAuthenticatedSslMailSession" time="0,001" classname="org.jboss.seam.test.unit.MailTest"/>
  <testcase name="testMissingPasswordMailSession" time="0,002" classname="org.jboss.seam.test.unit.MailTest"/>
  <testcase name="testAdminMeldwareUser" time="0,000" classname="org.jboss.seam.test.unit.MailTest"/>
  <testcase name="testJndiMailSession" time="0,002" classname="org.jboss.seam.test.unit.MailTest"/>
  <testcase name="testBasicSslMailSession" time="0,002" classname="org.jboss.seam.test.unit.MailTest"/>
  <testcase name="testSslMailSession" time="0,002" classname="org.jboss.seam.test.unit.MailTest"/>
  <testcase name="testMissingUsernameMailSession" time="0,002" classname="org.jboss.seam.test.unit.MailTest"/>
  <testcase name="testBasicMailSession" time="0,013" classname="org.jboss.seam.test.unit.MailTest"/>
  <testcase name="testMeldwareUser" time="0,000" classname="org.jboss.seam.test.unit.MailTest"/>
  <testcase name="testAuthenticatedMailSession" time="0,006" classname="org.jboss.seam.test.unit.MailTest"/>
</testsuite>
