<?xml version="1.0" encoding="UTF-8"?>
<!-- Generated by org.testng.reporters.JUnitReportReporter -->
<testsuite hostname="kraken" name="org.jboss.seam.test.unit.DependencyTest" tests="10" failures="0" timestamp="30 Dec 2010 22:42:11 GMT" time="0,009" errors="0">
  <testcase name="testOverride2" time="0,001" classname="org.jboss.seam.test.unit.DependencyTest"/>
  <testcase name="testComponentByClassDependency" time="0,001" classname="org.jboss.seam.test.unit.DependencyTest"/>
  <testcase name="testNoDependencies" time="0,000" classname="org.jboss.seam.test.unit.DependencyTest"/>
  <testcase name="testNotInstalled" time="0,000" classname="org.jboss.seam.test.unit.DependencyTest"/>
  <testcase name="testCircularDependency" time="0,003" classname="org.jboss.seam.test.unit.DependencyTest"/>
  <testcase name="testNoComponents" time="0,000" classname="org.jboss.seam.test.unit.DependencyTest"/>
  <testcase name="testUnmetDueToOverride" time="0,001" classname="org.jboss.seam.test.unit.DependencyTest"/>
  <testcase name="testDependency" time="0,001" classname="org.jboss.seam.test.unit.DependencyTest"/>
  <testcase name="testClassDependency" time="0,001" classname="org.jboss.seam.test.unit.DependencyTest"/>
  <testcase name="testOverride" time="0,001" classname="org.jboss.seam.test.unit.DependencyTest"/>
</testsuite>
