<?xml version="1.0" encoding="UTF-8"?>
<!-- Generated by org.testng.reporters.JUnitReportReporter -->
<testsuite hostname="kraken" name="org.jboss.seam.test.unit.PageActionsTest" tests="6" failures="0" timestamp="30 Dec 2010 22:42:11 GMT" time="0,011" errors="0">
  <testcase name="testPostbackConditionOnPageAction" time="0,004" classname="org.jboss.seam.test.unit.PageActionsTest"/>
  <testcase name="testShortCircuitInMiddle" time="0,001" classname="org.jboss.seam.test.unit.PageActionsTest"/>
  <testcase name="testShortCircuitOnNonNullOutcomeWithRedirect" time="0,001" classname="org.jboss.seam.test.unit.PageActionsTest"/>
  <testcase name="testShortCircuitOnNonNullOutcomeToSamePage" time="0,001" classname="org.jboss.seam.test.unit.PageActionsTest"/>
  <testcase name="testShortCircuitOnNullOutcome" time="0,003" classname="org.jboss.seam.test.unit.PageActionsTest"/>
  <testcase name="testShortCircuitOnNonNullOutcome" time="0,001" classname="org.jboss.seam.test.unit.PageActionsTest"/>
</testsuite>
