<?xml version="1.0" encoding="UTF-8"?>
<!-- Generated by org.testng.reporters.JUnitReportReporter -->
<testsuite hostname="kraken" name="org.jboss.seam.test.unit.HomeTest" tests="3" failures="0" timestamp="30 Dec 2010 22:42:11 GMT" time="0,003" errors="0">
  <testcase name="testCreateInstance" time="0,000" classname="org.jboss.seam.test.unit.HomeTest"/>
  <testcase name="testReadEntityClassFromTypeParameter" time="0,002" classname="org.jboss.seam.test.unit.HomeTest"/>
  <testcase name="testGetEntityClassOverride" time="0,001" classname="org.jboss.seam.test.unit.HomeTest"/>
</testsuite>
