<?xml version="1.0" encoding="UTF-8"?>
<!-- Generated by org.testng.reporters.JUnitReportReporter -->
<testsuite hostname="kraken" name="org.jboss.seam.test.unit.PageflowTest" tests="1" failures="0" timestamp="30 Dec 2010 23:40:01 GMT" time="0,403" errors="0">
  <testcase name="testOrderPageflow" time="0,403" classname="org.jboss.seam.test.unit.PageflowTest"/>
</testsuite>
