<?xml version="1.0" encoding="UTF-8"?>
<!-- Generated by org.testng.reporters.JUnitReportReporter -->
<testsuite hostname="kraken" name="org.jboss.seam.test.unit.PasswordHashTest" tests="2" failures="0" timestamp="30 Dec 2010 22:42:11 GMT" time="0,008" errors="0">
  <testcase name="testMd5Hash" time="0,007" classname="org.jboss.seam.test.unit.PasswordHashTest"/>
  <testcase name="testShaHash" time="0,001" classname="org.jboss.seam.test.unit.PasswordHashTest"/>
</testsuite>
