<?xml version="1.0" encoding="UTF-8"?>
<!-- Generated by org.testng.reporters.JUnitReportReporter -->
<testsuite hostname="kraken" name="org.jboss.seam.test.unit.bpm.JbpmTest" tests="2" failures="0" timestamp="30 Dec 2010 22:42:11 GMT" time="0,125" errors="0">
  <testcase name="testGetPageflowDefinitionFromXml" time="0,068" classname="org.jboss.seam.test.unit.bpm.JbpmTest"/>
  <testcase name="testGetProcessDefinitionFromXml" time="0,057" classname="org.jboss.seam.test.unit.bpm.JbpmTest"/>
</testsuite>
