<?xml version="1.0" encoding="UTF-8"?>
<!-- Generated by org.testng.reporters.JUnitReportReporter -->
<testsuite hostname="kraken" name="org.jboss.seam.test.unit.InterceptorTest" tests="7" failures="0" timestamp="30 Dec 2010 22:42:11 GMT" time="0,047" errors="0">
  <testcase name="testBijectionInterceptor" time="0,009" classname="org.jboss.seam.test.unit.InterceptorTest"/>
  <testcase name="testReentrantBijection" time="0,007" classname="org.jboss.seam.test.unit.InterceptorTest"/>
  <testcase name="testConversationalInterceptor" time="0,004" classname="org.jboss.seam.test.unit.InterceptorTest"/>
  <testcase name="testConversationInterceptor" time="0,008" classname="org.jboss.seam.test.unit.InterceptorTest"/>
  <testcase name="testCyclicDependencyThowsException" time="0,005" classname="org.jboss.seam.test.unit.InterceptorTest"/>
  <testcase name="testValidationInterceptor" time="0,010" classname="org.jboss.seam.test.unit.InterceptorTest"/>
  <testcase name="testRemoveInterceptor" time="0,004" classname="org.jboss.seam.test.unit.InterceptorTest"/>
</testsuite>
