<?xml version="1.0" encoding="UTF-8"?>
<!-- Generated by org.testng.reporters.JUnitReportReporter -->
<testsuite hostname="kraken" name="org.jboss.seam.test.unit.ContextTest" tests="2" failures="0" timestamp="30 Dec 2010 22:42:11 GMT" time="0,071" errors="0">
  <testcase name="testContextManagement" time="0,066" classname="org.jboss.seam.test.unit.ContextTest"/>
  <testcase name="testContexts" time="0,005" classname="org.jboss.seam.test.unit.ContextTest"/>
</testsuite>
