<?xml version="1.0" encoding="UTF-8"?>
<!-- Generated by org.testng.reporters.JUnitReportReporter -->
<testsuite hostname="kraken" name="org.jboss.seam.test.unit.PageConversationControlTest" tests="3" failures="0" timestamp="30 Dec 2010 22:33:48 GMT" time="0,008" errors="0">
  <testcase name="testBeginNestedAndEndConversation" time="0,001" classname="org.jboss.seam.test.unit.PageConversationControlTest"/>
  <testcase name="testBeginNestedAndEndRootConversation" time="0,002" classname="org.jboss.seam.test.unit.PageConversationControlTest"/>
  <testcase name="testBeginAndEndRootConversation" time="0,005" classname="org.jboss.seam.test.unit.PageConversationControlTest"/>
</testsuite>
