<?xml version="1.0" encoding="UTF-8"?>
<!-- Generated by org.testng.reporters.JUnitReportReporter -->
<testsuite hostname="kraken" name="org.jboss.seam.test.unit.ComponentTest" tests="2" failures="0" timestamp="30 Dec 2010 22:42:11 GMT" time="0,016" errors="0">
  <testcase name="testStaticMethods" time="0,000" classname="org.jboss.seam.test.unit.ComponentTest"/>
  <testcase name="testComponent" time="0,016" classname="org.jboss.seam.test.unit.ComponentTest"/>
</testsuite>
