<?xml version="1.0" encoding="UTF-8"?>
<!-- Generated by org.testng.reporters.JUnitReportReporter -->
<testsuite hostname="kraken" name="org.jboss.seam.test.unit.InitializationTest" tests="3" failures="0" timestamp="30 Dec 2010 23:39:38 GMT" time="2,851" errors="0">
  <testcase name="testEntityHomeConfiguration" time="2,169" classname="org.jboss.seam.test.unit.InitializationTest"/>
  <testcase name="testInitialization" time="0,263" classname="org.jboss.seam.test.unit.InitializationTest"/>
  <testcase name="testEnumPropertyAssignment" time="0,419" classname="org.jboss.seam.test.unit.InitializationTest"/>
</testsuite>
