<?xml version="1.0" encoding="UTF-8"?>
<!-- Generated by org.testng.reporters.JUnitReportReporter -->
<testsuite hostname="kraken" name="org.jboss.seam.test.unit.web.ConditionalRequestTest" tests="6" failures="0" timestamp="30 Dec 2010 22:42:11 GMT" time="0,009" errors="0">
  <testcase name="testModifiedETagLastModified" time="0,004" classname="org.jboss.seam.test.unit.web.ConditionalRequestTest"/>
  <testcase name="testNotModifiedOnlyLastModified" time="0,001" classname="org.jboss.seam.test.unit.web.ConditionalRequestTest"/>
  <testcase name="testNotModifiedETagLastModified" time="0,001" classname="org.jboss.seam.test.unit.web.ConditionalRequestTest"/>
  <testcase name="testModifiedOnlyETag" time="0,001" classname="org.jboss.seam.test.unit.web.ConditionalRequestTest"/>
  <testcase name="testNotModifiedOnlyETag" time="0,001" classname="org.jboss.seam.test.unit.web.ConditionalRequestTest"/>
  <testcase name="testModifiedOnlyLastModified" time="0,001" classname="org.jboss.seam.test.unit.web.ConditionalRequestTest"/>
</testsuite>
