<?xml version="1.0" encoding="UTF-8" ?>
<testsuite failures="0" time="0.266" errors="0" skipped="0" tests="8" name="TestSuite">
  <properties>
    <property name="java.runtime.name" value="Java(TM) SE Runtime Environment"/>
    <property name="sun.boot.library.path" value="/usr/lib/jvm/java-6-sun-1.6.0.22/jre/lib/amd64"/>
    <property name="java.vm.version" value="17.1-b03"/>
    <property name="java.vm.vendor" value="Sun Microsystems Inc."/>
    <property name="java.vendor.url" value="http://java.sun.com/"/>
    <property name="path.separator" value=":"/>
    <property name="java.vm.name" value="Java HotSpot(TM) 64-Bit Server VM"/>
    <property name="file.encoding.pkg" value="sun.io"/>
    <property name="user.country" value="CZ"/>
    <property name="sun.java.launcher" value="SUN_STANDARD"/>
    <property name="sun.os.patch.level" value="unknown"/>
    <property name="java.vm.specification.name" value="Java Virtual Machine Specification"/>
    <property name="user.dir" value="/home/mana/projects/git/seam-revisited/jboss-seam-parent/jboss-seam-ui"/>
    <property name="java.runtime.version" value="1.6.0_22-b04"/>
    <property name="java.awt.graphicsenv" value="sun.awt.X11GraphicsEnvironment"/>
    <property name="basedir" value="/home/mana/projects/git/seam-revisited/jboss-seam-parent/jboss-seam-ui"/>
    <property name="java.endorsed.dirs" value="/usr/lib/jvm/java-6-sun-1.6.0.22/jre/lib/endorsed"/>
    <property name="os.arch" value="amd64"/>
    <property name="surefire.real.class.path" value="/tmp/surefirebooter8186590676533657746.jar"/>
    <property name="java.io.tmpdir" value="/tmp"/>
    <property name="line.separator" value="
"/>
    <property name="java.vm.specification.vendor" value="Sun Microsystems Inc."/>
    <property name="os.name" value="Linux"/>
    <property name="sun.jnu.encoding" value="UTF-8"/>
    <property name="java.library.path" value="/usr/lib/jvm/java-6-sun-1.6.0.22/jre/lib/amd64/server:/usr/lib/jvm/java-6-sun-1.6.0.22/jre/lib/amd64:/usr/lib/jvm/java-6-sun-1.6.0.22/jre/../lib/amd64:/usr/java/packages/lib/amd64:/usr/lib64:/lib64:/lib:/usr/lib"/>
    <property name="surefire.test.class.path" value="/home/mana/projects/git/seam-revisited/jboss-seam-parent/jboss-seam-ui/target/test-classes:/home/mana/projects/git/seam-revisited/jboss-seam-parent/jboss-seam-ui/target/classes:/home/mana/.m2/repository/javax/servlet/servlet-api/2.5/servlet-api-2.5.jar:/home/mana/.m2/repository/javax/servlet/jsp/jsp-api/2.1/jsp-api-2.1.jar:/home/mana/projects/git/seam-revisited/jboss-seam-parent/jboss-seam/target/jboss-seam-2.3-SNAPSHOT.jar:/home/mana/.m2/repository/com/thoughtworks/xstream/xstream/1.3.1/xstream-1.3.1.jar:/home/mana/.m2/repository/xpp3/xpp3_min/1.1.3.4.O/xpp3_min-1.1.3.4.O.jar:/home/mana/.m2/repository/org/testng/testng/5.9/testng-5.9-jdk15.jar:/home/mana/.m2/repository/org/jboss/el/jboss-el/1.0_02.CR5/jboss-el-1.0_02.CR5.jar:/home/mana/.m2/repository/javax/el/el-api/1.0/el-api-1.0.jar:/home/mana/projects/git/seam-revisited/jboss-seam-parent/jboss-seam-jul/target/jboss-seam-jul-2.3-SNAPSHOT.jar:/home/mana/.m2/repository/antlr/antlr/2.7.6/antlr-2.7.6.jar:/home/mana/.m2/repository/org/richfaces/framework/richfaces-api/3.3.3.Final/richfaces-api-3.3.3.Final.jar:/home/mana/.m2/repository/commons-collections/commons-collections/3.2/commons-collections-3.2.jar:/home/mana/.m2/repository/commons-beanutils/commons-beanutils/1.7.0/commons-beanutils-1.7.0.jar:/home/mana/.m2/repository/org/richfaces/ui/richfaces-ui/3.3.3.Final/richfaces-ui-3.3.3.Final.jar:/home/mana/.m2/repository/commons-digester/commons-digester/1.8.1/commons-digester-1.8.1.jar:/home/mana/.m2/repository/org/richfaces/framework/richfaces-impl/3.3.3.Final/richfaces-impl-3.3.3.Final.jar:/home/mana/.m2/repository/javax/faces/jsf-api/1.2_12/jsf-api-1.2_12.jar:/home/mana/.m2/repository/org/jbpm/jbpm3/jbpm-jpdl/3.2.9/jbpm-jpdl-3.2.9.jar:/home/mana/.m2/repository/org/apache/ant/ant/1.7.0/ant-1.7.0.jar:/home/mana/.m2/repository/bsh/bsh/1.3.0/bsh-1.3.0.jar:/home/mana/.m2/repository/dom4j/dom4j/1.6.1-brew/dom4j-1.6.1-brew.jar:/home/mana/.m2/repository/org/apache/jackrabbit/jackrabbit-core/1.4.5/jackrabbit-core-1.4.5.jar:/home/mana/.m2/repository/concurrent/concurrent/1.3.4/concurrent-1.3.4.jar:/home/mana/.m2/repository/org/apache/jackrabbit/jackrabbit-api/1.4/jackrabbit-api-1.4.jar:/home/mana/.m2/repository/org/apache/jackrabbit/jackrabbit-jcr-commons/1.4/jackrabbit-jcr-commons-1.4.jar:/home/mana/.m2/repository/org/slf4j/slf4j-api/1.4.2/slf4j-api-1.4.2.jar:/home/mana/.m2/repository/org/apache/jackrabbit/jackrabbit-spi-commons/1.4/jackrabbit-spi-commons-1.4.jar:/home/mana/.m2/repository/org/apache/jackrabbit/jackrabbit-spi/1.4/jackrabbit-spi-1.4.jar:/home/mana/.m2/repository/junit/junit/3.8.1/junit-3.8.1.jar:/home/mana/.m2/repository/org/apache/jackrabbit/jackrabbit-text-extractors/1.4/jackrabbit-text-extractors-1.4.jar:/home/mana/.m2/repository/poi/poi/2.5.1-final-20040804/poi-2.5.1-final-20040804.jar:/home/mana/.m2/repository/pdfbox/pdfbox/0.6.4/pdfbox-0.6.4.jar:/home/mana/.m2/repository/org/textmining/tm-extractors/0.4/tm-extractors-0.4.jar:/home/mana/.m2/repository/nekohtml/nekohtml/0.9.4/nekohtml-0.9.4.jar:/home/mana/.m2/repository/xerces/xercesImpl/2.8.1/xercesImpl-2.8.1.jar:/home/mana/.m2/repository/xml-apis/xml-apis/1.3.03/xml-apis-1.3.03.jar:/home/mana/.m2/repository/org/apache/lucene/lucene-core/2.2.0/lucene-core-2.2.0.jar:/home/mana/.m2/repository/org/apache/derby/derby/10.2.1.6/derby-10.2.1.6.jar:/home/mana/.m2/repository/jboss/jboss-system/4.2.3.GA/jboss-system-4.2.3.GA.jar:/home/mana/.m2/repository/jboss/jboss-jmx/4.2.3.GA/jboss-jmx-4.2.3.GA.jar:/home/mana/.m2/repository/org/hibernate/hibernate-core/3.3.1.GA/hibernate-core-3.3.1.GA.jar:/home/mana/.m2/repository/javax/transaction/jta/1.1/jta-1.1.jar:/home/mana/.m2/repository/com/sun/facelets/jsf-facelets/1.1.15.B1/jsf-facelets-1.1.15.B1.jar:/home/mana/.m2/repository/javax/persistence/persistence-api/1.0/persistence-api-1.0.jar:/home/mana/.m2/repository/org/hibernate/hibernate-validator/3.1.0.GA/hibernate-validator-3.1.0.GA.jar:/home/mana/.m2/repository/org/hibernate/hibernate-commons-annotations/3.1.0.GA/hibernate-commons-annotations-3.1.0.GA.jar:"/>
    <property name="java.specification.name" value="Java Platform API Specification"/>
    <property name="java.class.version" value="50.0"/>
    <property name="sun.management.compiler" value="HotSpot 64-Bit Server Compiler"/>
    <property name="os.version" value="2.6.35-23-generic"/>
    <property name="user.home" value="/home/mana"/>
    <property name="user.timezone" value="Europe/Prague"/>
    <property name="java.awt.printerjob" value="sun.print.PSPrinterJob"/>
    <property name="file.encoding" value="UTF-8"/>
    <property name="java.specification.version" value="1.6"/>
    <property name="user.name" value="mana"/>
    <property name="java.class.path" value="/home/mana/projects/git/seam-revisited/jboss-seam-parent/jboss-seam-ui/target/test-classes:/home/mana/projects/git/seam-revisited/jboss-seam-parent/jboss-seam-ui/target/classes:/home/mana/.m2/repository/javax/servlet/servlet-api/2.5/servlet-api-2.5.jar:/home/mana/.m2/repository/javax/servlet/jsp/jsp-api/2.1/jsp-api-2.1.jar:/home/mana/projects/git/seam-revisited/jboss-seam-parent/jboss-seam/target/jboss-seam-2.3-SNAPSHOT.jar:/home/mana/.m2/repository/com/thoughtworks/xstream/xstream/1.3.1/xstream-1.3.1.jar:/home/mana/.m2/repository/xpp3/xpp3_min/1.1.3.4.O/xpp3_min-1.1.3.4.O.jar:/home/mana/.m2/repository/org/testng/testng/5.9/testng-5.9-jdk15.jar:/home/mana/.m2/repository/org/jboss/el/jboss-el/1.0_02.CR5/jboss-el-1.0_02.CR5.jar:/home/mana/.m2/repository/javax/el/el-api/1.0/el-api-1.0.jar:/home/mana/projects/git/seam-revisited/jboss-seam-parent/jboss-seam-jul/target/jboss-seam-jul-2.3-SNAPSHOT.jar:/home/mana/.m2/repository/antlr/antlr/2.7.6/antlr-2.7.6.jar:/home/mana/.m2/repository/org/richfaces/framework/richfaces-api/3.3.3.Final/richfaces-api-3.3.3.Final.jar:/home/mana/.m2/repository/commons-collections/commons-collections/3.2/commons-collections-3.2.jar:/home/mana/.m2/repository/commons-beanutils/commons-beanutils/1.7.0/commons-beanutils-1.7.0.jar:/home/mana/.m2/repository/org/richfaces/ui/richfaces-ui/3.3.3.Final/richfaces-ui-3.3.3.Final.jar:/home/mana/.m2/repository/commons-digester/commons-digester/1.8.1/commons-digester-1.8.1.jar:/home/mana/.m2/repository/org/richfaces/framework/richfaces-impl/3.3.3.Final/richfaces-impl-3.3.3.Final.jar:/home/mana/.m2/repository/javax/faces/jsf-api/1.2_12/jsf-api-1.2_12.jar:/home/mana/.m2/repository/org/jbpm/jbpm3/jbpm-jpdl/3.2.9/jbpm-jpdl-3.2.9.jar:/home/mana/.m2/repository/org/apache/ant/ant/1.7.0/ant-1.7.0.jar:/home/mana/.m2/repository/bsh/bsh/1.3.0/bsh-1.3.0.jar:/home/mana/.m2/repository/dom4j/dom4j/1.6.1-brew/dom4j-1.6.1-brew.jar:/home/mana/.m2/repository/org/apache/jackrabbit/jackrabbit-core/1.4.5/jackrabbit-core-1.4.5.jar:/home/mana/.m2/repository/concurrent/concurrent/1.3.4/concurrent-1.3.4.jar:/home/mana/.m2/repository/org/apache/jackrabbit/jackrabbit-api/1.4/jackrabbit-api-1.4.jar:/home/mana/.m2/repository/org/apache/jackrabbit/jackrabbit-jcr-commons/1.4/jackrabbit-jcr-commons-1.4.jar:/home/mana/.m2/repository/org/slf4j/slf4j-api/1.4.2/slf4j-api-1.4.2.jar:/home/mana/.m2/repository/org/apache/jackrabbit/jackrabbit-spi-commons/1.4/jackrabbit-spi-commons-1.4.jar:/home/mana/.m2/repository/org/apache/jackrabbit/jackrabbit-spi/1.4/jackrabbit-spi-1.4.jar:/home/mana/.m2/repository/junit/junit/3.8.1/junit-3.8.1.jar:/home/mana/.m2/repository/org/apache/jackrabbit/jackrabbit-text-extractors/1.4/jackrabbit-text-extractors-1.4.jar:/home/mana/.m2/repository/poi/poi/2.5.1-final-20040804/poi-2.5.1-final-20040804.jar:/home/mana/.m2/repository/pdfbox/pdfbox/0.6.4/pdfbox-0.6.4.jar:/home/mana/.m2/repository/org/textmining/tm-extractors/0.4/tm-extractors-0.4.jar:/home/mana/.m2/repository/nekohtml/nekohtml/0.9.4/nekohtml-0.9.4.jar:/home/mana/.m2/repository/xerces/xercesImpl/2.8.1/xercesImpl-2.8.1.jar:/home/mana/.m2/repository/xml-apis/xml-apis/1.3.03/xml-apis-1.3.03.jar:/home/mana/.m2/repository/org/apache/lucene/lucene-core/2.2.0/lucene-core-2.2.0.jar:/home/mana/.m2/repository/org/apache/derby/derby/10.2.1.6/derby-10.2.1.6.jar:/home/mana/.m2/repository/jboss/jboss-system/4.2.3.GA/jboss-system-4.2.3.GA.jar:/home/mana/.m2/repository/jboss/jboss-jmx/4.2.3.GA/jboss-jmx-4.2.3.GA.jar:/home/mana/.m2/repository/org/hibernate/hibernate-core/3.3.1.GA/hibernate-core-3.3.1.GA.jar:/home/mana/.m2/repository/javax/transaction/jta/1.1/jta-1.1.jar:/home/mana/.m2/repository/com/sun/facelets/jsf-facelets/1.1.15.B1/jsf-facelets-1.1.15.B1.jar:/home/mana/.m2/repository/javax/persistence/persistence-api/1.0/persistence-api-1.0.jar:/home/mana/.m2/repository/org/hibernate/hibernate-validator/3.1.0.GA/hibernate-validator-3.1.0.GA.jar:/home/mana/.m2/repository/org/hibernate/hibernate-commons-annotations/3.1.0.GA/hibernate-commons-annotations-3.1.0.GA.jar:"/>
    <property name="java.vm.specification.version" value="1.0"/>
    <property name="sun.arch.data.model" value="64"/>
    <property name="java.home" value="/usr/lib/jvm/java-6-sun-1.6.0.22/jre"/>
    <property name="java.specification.vendor" value="Sun Microsystems Inc."/>
    <property name="user.language" value="cs"/>
    <property name="java.vm.info" value="mixed mode"/>
    <property name="java.version" value="1.6.0_22"/>
    <property name="java.ext.dirs" value="/usr/lib/jvm/java-6-sun-1.6.0.22/jre/lib/ext:/usr/java/packages/lib/ext"/>
    <property name="sun.boot.class.path" value="/usr/lib/jvm/java-6-sun-1.6.0.22/jre/lib/resources.jar:/usr/lib/jvm/java-6-sun-1.6.0.22/jre/lib/rt.jar:/usr/lib/jvm/java-6-sun-1.6.0.22/jre/lib/sunrsasign.jar:/usr/lib/jvm/java-6-sun-1.6.0.22/jre/lib/jsse.jar:/usr/lib/jvm/java-6-sun-1.6.0.22/jre/lib/jce.jar:/usr/lib/jvm/java-6-sun-1.6.0.22/jre/lib/charsets.jar:/usr/lib/jvm/java-6-sun-1.6.0.22/jre/classes"/>
    <property name="java.vendor" value="Sun Microsystems Inc."/>
    <property name="localRepository" value="/home/mana/.m2/repository"/>
    <property name="file.separator" value="/"/>
    <property name="java.vendor.url.bug" value="http://java.sun.com/cgi-bin/bugreport.cgi"/>
    <property name="sun.cpu.endian" value="little"/>
    <property name="sun.io.unicode.encoding" value="UnicodeLittle"/>
    <property name="sun.desktop" value="gnome"/>
    <property name="sun.cpu.isalist" value=""/>
  </properties>
  <testcase time="0.003" classname="org.jboss.seam.ui.test.AtomicBooleanConverterTest" name="testGetAsObject"/>
  <testcase time="0" classname="org.jboss.seam.ui.test.AtomicBooleanConverterTest" name="testGetAsString"/>
  <testcase time="0" classname="org.jboss.seam.ui.test.AtomicIntegerConverterTest" name="testGetAsString"/>
  <testcase time="0" classname="org.jboss.seam.ui.test.AtomicIntegerConverterTest" name="testGetAsObject"/>
  <testcase time="0.001" classname="org.jboss.seam.ui.test.AtomicLongConverterTest" name="testGetAsString"/>
  <testcase time="0.001" classname="org.jboss.seam.ui.test.AtomicLongConverterTest" name="testGetAsObject"/>
  <testcase time="0.001" classname="org.jboss.seam.ui.test.UrlBuilderTest" name="testBaseUrlAlreadyHasParams"/>
  <testcase time="0" classname="org.jboss.seam.ui.test.UrlBuilderTest" name="testParameterOrdering"/>
</testsuite>