<?xml version="1.0" encoding="UTF-8" ?>
<testsuite failures="0" time="0.325" errors="0" skipped="0" tests="18" name="TestSuite">
  <properties>
    <property name="java.runtime.name" value="Java(TM) SE Runtime Environment"/>
    <property name="sun.boot.library.path" value="/usr/lib/jvm/java-6-sun-1.6.0.22/jre/lib/amd64"/>
    <property name="java.vm.version" value="17.1-b03"/>
    <property name="java.vm.vendor" value="Sun Microsystems Inc."/>
    <property name="java.vendor.url" value="http://java.sun.com/"/>
    <property name="path.separator" value=":"/>
    <property name="java.vm.name" value="Java HotSpot(TM) 64-Bit Server VM"/>
    <property name="file.encoding.pkg" value="sun.io"/>
    <property name="user.country" value="CZ"/>
    <property name="sun.java.launcher" value="SUN_STANDARD"/>
    <property name="sun.os.patch.level" value="unknown"/>
    <property name="java.vm.specification.name" value="Java Virtual Machine Specification"/>
    <property name="user.dir" value="/home/mana/projects/git/seam-revisited/jboss-seam-mail"/>
    <property name="java.runtime.version" value="1.6.0_22-b04"/>
    <property name="java.awt.graphicsenv" value="sun.awt.X11GraphicsEnvironment"/>
    <property name="basedir" value="/home/mana/projects/git/seam-revisited/jboss-seam-mail"/>
    <property name="java.endorsed.dirs" value="/usr/lib/jvm/java-6-sun-1.6.0.22/jre/lib/endorsed"/>
    <property name="os.arch" value="amd64"/>
    <property name="surefire.real.class.path" value="/tmp/surefirebooter5118734645592551736.jar"/>
    <property name="java.io.tmpdir" value="/tmp"/>
    <property name="line.separator" value="
"/>
    <property name="java.vm.specification.vendor" value="Sun Microsystems Inc."/>
    <property name="os.name" value="Linux"/>
    <property name="sun.jnu.encoding" value="UTF-8"/>
    <property name="java.library.path" value="/usr/lib/jvm/java-6-sun-1.6.0.22/jre/lib/amd64/server:/usr/lib/jvm/java-6-sun-1.6.0.22/jre/lib/amd64:/usr/lib/jvm/java-6-sun-1.6.0.22/jre/../lib/amd64:/usr/lib64/xulrunner-1.9.2.12:/usr/java/packages/lib/amd64:/usr/lib64:/lib64:/lib:/usr/lib"/>
    <property name="surefire.test.class.path" value="/home/mana/projects/git/seam-revisited/jboss-seam-mail/target/test-classes:/home/mana/projects/git/seam-revisited/jboss-seam-mail/target/classes:/home/mana/.m2/repository/org/jboss/seam/jboss-seam-core/2.3-SNAPSHOT/jboss-seam-core-2.3-SNAPSHOT.jar:/home/mana/.m2/repository/com/thoughtworks/xstream/xstream/1.3.1/xstream-1.3.1.jar:/home/mana/.m2/repository/xpp3/xpp3_min/1.1.3.4.O/xpp3_min-1.1.3.4.O.jar:/home/mana/.m2/repository/org/jboss/el/jboss-el/1.0_02.CR5/jboss-el-1.0_02.CR5.jar:/home/mana/.m2/repository/javax/el/el-api/1.0/el-api-1.0.jar:/home/mana/.m2/repository/org/jboss/seam/jboss-seam-ui/2.3-SNAPSHOT/jboss-seam-ui-2.3-SNAPSHOT.jar:/home/mana/.m2/repository/org/jboss/seam/jboss-seam-pdf/2.3-SNAPSHOT/jboss-seam-pdf-2.3-SNAPSHOT.jar:/home/mana/.m2/repository/com/sun/facelets/jsf-facelets/1.1.15.B1/jsf-facelets-1.1.15.B1.jar:/home/mana/.m2/repository/javax/faces/jsf-api/1.2_12/jsf-api-1.2_12.jar:/home/mana/.m2/repository/javax/mail/mail/1.4/mail-1.4.jar:/home/mana/.m2/repository/javax/activation/activation/1.1/activation-1.1.jar:/home/mana/.m2/repository/org/testng/testng/5.9/testng-5.9-jdk15.jar:"/>
    <property name="java.specification.name" value="Java Platform API Specification"/>
    <property name="java.class.version" value="50.0"/>
    <property name="sun.management.compiler" value="HotSpot 64-Bit Server Compiler"/>
    <property name="os.version" value="2.6.35-23-generic"/>
    <property name="user.home" value="/home/mana"/>
    <property name="user.timezone" value="Europe/Prague"/>
    <property name="java.awt.printerjob" value="sun.print.PSPrinterJob"/>
    <property name="file.encoding" value="UTF-8"/>
    <property name="java.specification.version" value="1.6"/>
    <property name="user.name" value="mana"/>
    <property name="java.class.path" value="/home/mana/projects/git/seam-revisited/jboss-seam-mail/target/test-classes:/home/mana/projects/git/seam-revisited/jboss-seam-mail/target/classes:/home/mana/.m2/repository/org/jboss/seam/jboss-seam-core/2.3-SNAPSHOT/jboss-seam-core-2.3-SNAPSHOT.jar:/home/mana/.m2/repository/com/thoughtworks/xstream/xstream/1.3.1/xstream-1.3.1.jar:/home/mana/.m2/repository/xpp3/xpp3_min/1.1.3.4.O/xpp3_min-1.1.3.4.O.jar:/home/mana/.m2/repository/org/jboss/el/jboss-el/1.0_02.CR5/jboss-el-1.0_02.CR5.jar:/home/mana/.m2/repository/javax/el/el-api/1.0/el-api-1.0.jar:/home/mana/.m2/repository/org/jboss/seam/jboss-seam-ui/2.3-SNAPSHOT/jboss-seam-ui-2.3-SNAPSHOT.jar:/home/mana/.m2/repository/org/jboss/seam/jboss-seam-pdf/2.3-SNAPSHOT/jboss-seam-pdf-2.3-SNAPSHOT.jar:/home/mana/.m2/repository/com/sun/facelets/jsf-facelets/1.1.15.B1/jsf-facelets-1.1.15.B1.jar:/home/mana/.m2/repository/javax/faces/jsf-api/1.2_12/jsf-api-1.2_12.jar:/home/mana/.m2/repository/javax/mail/mail/1.4/mail-1.4.jar:/home/mana/.m2/repository/javax/activation/activation/1.1/activation-1.1.jar:/home/mana/.m2/repository/org/testng/testng/5.9/testng-5.9-jdk15.jar:"/>
    <property name="java.vm.specification.version" value="1.0"/>
    <property name="sun.arch.data.model" value="64"/>
    <property name="java.home" value="/usr/lib/jvm/java-6-sun-1.6.0.22/jre"/>
    <property name="java.specification.vendor" value="Sun Microsystems Inc."/>
    <property name="user.language" value="cs"/>
    <property name="java.vm.info" value="mixed mode"/>
    <property name="java.version" value="1.6.0_22"/>
    <property name="java.ext.dirs" value="/usr/lib/jvm/java-6-sun-1.6.0.22/jre/lib/ext:/usr/java/packages/lib/ext"/>
    <property name="sun.boot.class.path" value="/usr/lib/jvm/java-6-sun-1.6.0.22/jre/lib/resources.jar:/usr/lib/jvm/java-6-sun-1.6.0.22/jre/lib/rt.jar:/usr/lib/jvm/java-6-sun-1.6.0.22/jre/lib/sunrsasign.jar:/usr/lib/jvm/java-6-sun-1.6.0.22/jre/lib/jsse.jar:/usr/lib/jvm/java-6-sun-1.6.0.22/jre/lib/jce.jar:/usr/lib/jvm/java-6-sun-1.6.0.22/jre/lib/charsets.jar:/usr/lib/jvm/java-6-sun-1.6.0.22/jre/classes"/>
    <property name="java.vendor" value="Sun Microsystems Inc."/>
    <property name="localRepository" value="/home/mana/.m2/repository"/>
    <property name="file.separator" value="/"/>
    <property name="java.vendor.url.bug" value="http://java.sun.com/cgi-bin/bugreport.cgi"/>
    <property name="sun.cpu.endian" value="little"/>
    <property name="sun.io.unicode.encoding" value="UnicodeLittle"/>
    <property name="sun.desktop" value="gnome"/>
    <property name="sun.cpu.isalist" value=""/>
  </properties>
  <testcase time="0.011" classname="org.jboss.seam.test.mail.unit.HeaderTest" name="testHeaderWithCarriageReturn"/>
  <testcase time="0" classname="org.jboss.seam.test.mail.unit.HeaderTest" name="testHeaderWithLineFeed"/>
  <testcase time="0" classname="org.jboss.seam.test.mail.unit.HeaderTest" name="testHeader"/>
  <testcase time="0.001" classname="org.jboss.seam.test.mail.unit.HeaderTest" name="testHeaderWithCarrigeReturnLineBreak"/>
  <testcase time="0" classname="org.jboss.seam.test.mail.unit.HeaderTest" name="testHeaderWithFolding2"/>
  <testcase time="0" classname="org.jboss.seam.test.mail.unit.HeaderTest" name="testHeaderWithFolding3"/>
  <testcase time="0" classname="org.jboss.seam.test.mail.unit.HeaderTest" name="testHeaderWithFolding1"/>
  <testcase time="0.002" classname="org.jboss.seam.test.unit.MailTest" name="testAdminMeldwareUser"/>
  <testcase time="0.014" classname="org.jboss.seam.test.unit.MailTest" name="testAuthenticatedSslMailSession"/>
  <testcase time="0" classname="org.jboss.seam.test.unit.MailTest" name="testMeldwareUser"/>
  <testcase time="0.015" classname="org.jboss.seam.test.unit.MailTest" name="testMailSession"/>
  <testcase time="0.043" classname="org.jboss.seam.test.unit.MailTest" name="testMissingUsernameMailSession"/>
  <testcase time="0.004" classname="org.jboss.seam.test.unit.MailTest" name="testBasicSslMailSession"/>
  <testcase time="0.006" classname="org.jboss.seam.test.unit.MailTest" name="testMissingPasswordMailSession"/>
  <testcase time="0.002" classname="org.jboss.seam.test.unit.MailTest" name="testSslMailSession"/>
  <testcase time="0.002" classname="org.jboss.seam.test.unit.MailTest" name="testAuthenticatedMailSession"/>
  <testcase time="0.002" classname="org.jboss.seam.test.unit.MailTest" name="testBasicMailSession"/>
  <testcase time="0.001" classname="org.jboss.seam.test.unit.MailTest" name="testJndiMailSession"/>
</testsuite>